<?xml version="1.0" encoding="UTF-8"?>
<!-- Generated by org.testng.reporters.JUnitReportReporter -->
<testsuite hostname="TMZ-DPC-2175" failures="0" tests="1" name="com.Khelmart.Logesh.TestShippingRunner" time="22.429" errors="0" timestamp="2023-11-20T17:54:13 IST" skipped="0">
  <testcase classname="com.Khelmart.Logesh.TestShippingRunner" name="runScenario" time="22.429"/>
</testsuite> <!-- com.Khelmart.Logesh.TestShippingRunner -->
