<?xml version="1.0" encoding="UTF-8"?>
<!-- Generated by org.testng.reporters.JUnitReportReporter -->
<testsuite hostname="TMZ-DPC-2175" failures="0" tests="1" name="com.Khelmart.Logesh.TeamSportRunner" time="30.624" errors="0" timestamp="2023-11-20T17:56:13 IST" skipped="0">
  <testcase classname="com.Khelmart.Logesh.TeamSportRunner" name="runScenario" time="30.624"/>
</testsuite> <!-- com.Khelmart.Logesh.TeamSportRunner -->
