<?xml version="1.0" encoding="UTF-8"?>
<!-- Generated by org.testng.reporters.JUnitReportReporter -->
<testsuite hostname="TMZ-DPC-2175" failures="0" tests="1" name="com.Khelmart.Logesh.AddToCartRunner" time="19.379" errors="0" timestamp="2023-11-20T17:54:55 IST" skipped="0">
  <testcase classname="com.Khelmart.Logesh.AddToCartRunner" name="runScenario" time="19.379"/>
</testsuite> <!-- com.Khelmart.Logesh.AddToCartRunner -->
