<?xml version="1.0" encoding="UTF-8"?>
<!-- Generated by org.testng.reporters.JUnitReportReporter -->
<testsuite hostname="TMZ-DPC-2175" failures="0" tests="1" name="com.Khelmart.Logesh.LoginRunner" time="13.445" errors="0" timestamp="2023-11-20T18:05:49 IST" skipped="0">
  <testcase classname="com.Khelmart.Logesh.LoginRunner" name="runScenario" time="13.445"/>
</testsuite> <!-- com.Khelmart.Logesh.LoginRunner -->
