<?xml version="1.0" encoding="UTF-8"?>
<!-- Generated by org.testng.reporters.JUnitReportReporter -->
<testsuite hostname="TMZ-DPC-2175" failures="0" tests="1" name="com.Khelmart.Logesh.RegisterRunner" time="13.663" errors="0" timestamp="2023-11-20T17:53:11 IST" skipped="0">
  <testcase classname="com.Khelmart.Logesh.RegisterRunner" name="runScenario" time="13.663"/>
</testsuite> <!-- com.Khelmart.Logesh.RegisterRunner -->
